{"/home/travis/build/npmtest/node-npmtest-eventsource/test.js":{"path":"/home/travis/build/npmtest/node-npmtest-eventsource/test.js","s":{"1":2,"2":2,"3":2,"4":2,"5":2,"6":2,"7":2,"8":1,"9":2,"10":2,"11":1,"12":1,"13":1,"14":1,"15":2,"16":2,"17":2,"18":2,"19":1,"20":1,"21":2,"22":2,"23":2,"24":1,"25":1,"26":1,"27":1,"28":1,"29":1,"30":1,"31":1,"32":1,"33":1,"34":1,"35":1,"36":1,"37":1,"38":1,"39":2,"40":2,"41":1,"42":2,"43":2,"44":1,"45":2,"46":2,"47":1,"48":2,"49":2,"50":1,"51":1,"52":1,"53":1,"54":1},"b":{"1":[2,1,1,1],"2":[1,1,1,1],"3":[1,1],"4":[1,1],"5":[1,1],"6":[1,1],"7":[1,1],"8":[1,1],"9":[1,1],"10":[1,1,1],"11":[1,1],"12":[1,1],"13":[1,1],"14":[1,1],"15":[1,1],"16":[1,1],"17":[1,1]},"f":{"1":2,"2":2,"3":2,"4":2,"5":2,"6":1,"7":1,"8":1,"9":2,"10":2,"11":2,"12":2,"13":1},"fnMap":{"1":{"name":"(anonymous_1)","line":12,"loc":{"start":{"line":12,"column":1},"end":{"line":12,"column":13}}},"2":{"name":"(anonymous_2)","line":19,"loc":{"start":{"line":19,"column":5},"end":{"line":19,"column":17}}},"3":{"name":"(anonymous_3)","line":23,"loc":{"start":{"line":23,"column":24},"end":{"line":23,"column":36}}},"4":{"name":"(anonymous_4)","line":61,"loc":{"start":{"line":61,"column":5},"end":{"line":61,"column":17}}},"5":{"name":"(anonymous_5)","line":82,"loc":{"start":{"line":82,"column":5},"end":{"line":82,"column":17}}},"6":{"name":"(anonymous_6)","line":91,"loc":{"start":{"line":91,"column":77},"end":{"line":94,"column":10}}},"7":{"name":"(anonymous_7)","line":112,"loc":{"start":{"line":112,"column":83},"end":{"line":115,"column":10}},"skip":true},"8":{"name":"(anonymous_8)","line":123,"loc":{"start":{"line":123,"column":77},"end":{"line":126,"column":10}},"skip":true},"9":{"name":"(anonymous_9)","line":139,"loc":{"start":{"line":139,"column":12},"end":{"line":139,"column":40}},"skip":true},"10":{"name":"(anonymous_10)","line":147,"loc":{"start":{"line":147,"column":77},"end":{"line":150,"column":10}},"skip":true},"11":{"name":"(anonymous_11)","line":158,"loc":{"start":{"line":158,"column":83},"end":{"line":161,"column":10}},"skip":true},"12":{"name":"(anonymous_12)","line":169,"loc":{"start":{"line":169,"column":79},"end":{"line":172,"column":10}},"skip":true},"13":{"name":"(anonymous_13)","line":180,"loc":{"start":{"line":180,"column":75},"end":{"line":183,"column":10}},"skip":true}},"statementMap":{"1":{"start":{"line":12,"column":0},"end":{"line":195,"column":5}},"2":{"start":{"line":14,"column":4},"end":{"line":14,"column":14}},"3":{"start":{"line":19,"column":4},"end":{"line":56,"column":9}},"4":{"start":{"line":21,"column":8},"end":{"line":21,"column":19}},"5":{"start":{"line":23,"column":8},"end":{"line":35,"column":13}},"6":{"start":{"line":24,"column":12},"end":{"line":34,"column":13}},"7":{"start":{"line":25,"column":16},"end":{"line":28,"column":30}},"8":{"start":{"line":30,"column":16},"end":{"line":33,"column":27}},"9":{"start":{"line":37,"column":8},"end":{"line":39,"column":21}},"10":{"start":{"line":40,"column":8},"end":{"line":53,"column":9}},"11":{"start":{"line":43,"column":12},"end":{"line":46,"column":14}},"12":{"start":{"line":47,"column":12},"end":{"line":47,"column":18}},"13":{"start":{"line":50,"column":12},"end":{"line":51,"column":46}},"14":{"start":{"line":52,"column":12},"end":{"line":52,"column":18}},"15":{"start":{"line":55,"column":8},"end":{"line":55,"column":35}},"16":{"start":{"line":61,"column":4},"end":{"line":63,"column":9}},"17":{"start":{"line":62,"column":8},"end":{"line":62,"column":15}},"18":{"start":{"line":64,"column":4},"end":{"line":77,"column":5}},"19":{"start":{"line":70,"column":8},"end":{"line":70,"column":14}},"20":{"start":{"line":76,"column":8},"end":{"line":76,"column":14}},"21":{"start":{"line":82,"column":4},"end":{"line":84,"column":9}},"22":{"start":{"line":83,"column":8},"end":{"line":83,"column":15}},"23":{"start":{"line":85,"column":4},"end":{"line":194,"column":5}},"24":{"start":{"line":91,"column":8},"end":{"line":99,"column":10}},"25":{"start":{"line":98,"column":12},"end":{"line":98,"column":35}},"26":{"start":{"line":102,"column":8},"end":{"line":104,"column":63}},"27":{"start":{"line":105,"column":8},"end":{"line":105,"column":14}},"28":{"start":{"line":112,"column":8},"end":{"line":121,"column":10},"skip":true},"29":{"start":{"line":119,"column":12},"end":{"line":119,"column":55},"skip":true},"30":{"start":{"line":120,"column":12},"end":{"line":120,"column":48},"skip":true},"31":{"start":{"line":123,"column":8},"end":{"line":136,"column":10},"skip":true},"32":{"start":{"line":130,"column":12},"end":{"line":130,"column":76},"skip":true},"33":{"start":{"line":131,"column":12},"end":{"line":131,"column":73},"skip":true},"34":{"start":{"line":132,"column":12},"end":{"line":132,"column":74},"skip":true},"35":{"start":{"line":133,"column":12},"end":{"line":133,"column":79},"skip":true},"36":{"start":{"line":134,"column":12},"end":{"line":134,"column":25},"skip":true},"37":{"start":{"line":135,"column":12},"end":{"line":135,"column":45},"skip":true},"38":{"start":{"line":138,"column":8},"end":{"line":145,"column":14},"skip":true},"39":{"start":{"line":143,"column":16},"end":{"line":143,"column":29},"skip":true},"40":{"start":{"line":144,"column":16},"end":{"line":144,"column":55},"skip":true},"41":{"start":{"line":147,"column":8},"end":{"line":156,"column":10},"skip":true},"42":{"start":{"line":154,"column":12},"end":{"line":154,"column":25},"skip":true},"43":{"start":{"line":155,"column":12},"end":{"line":155,"column":45},"skip":true},"44":{"start":{"line":158,"column":8},"end":{"line":167,"column":10},"skip":true},"45":{"start":{"line":165,"column":12},"end":{"line":165,"column":25},"skip":true},"46":{"start":{"line":166,"column":12},"end":{"line":166,"column":48},"skip":true},"47":{"start":{"line":169,"column":8},"end":{"line":178,"column":10},"skip":true},"48":{"start":{"line":176,"column":12},"end":{"line":176,"column":25},"skip":true},"49":{"start":{"line":177,"column":12},"end":{"line":177,"column":46},"skip":true},"50":{"start":{"line":180,"column":8},"end":{"line":189,"column":10},"skip":true},"51":{"start":{"line":187,"column":12},"end":{"line":187,"column":94},"skip":true},"52":{"start":{"line":188,"column":12},"end":{"line":188,"column":48},"skip":true},"53":{"start":{"line":192,"column":8},"end":{"line":192,"column":35},"skip":true},"54":{"start":{"line":193,"column":8},"end":{"line":193,"column":14},"skip":true}},"branchMap":{"1":{"line":25,"type":"binary-expr","locations":[{"start":{"line":25,"column":23},"end":{"line":25,"column":62}},{"start":{"line":26,"column":20},"end":{"line":26,"column":70}},{"start":{"line":27,"column":20},"end":{"line":27,"column":71}},{"start":{"line":28,"column":20},"end":{"line":28,"column":29}}]},"2":{"line":30,"type":"binary-expr","locations":[{"start":{"line":30,"column":23},"end":{"line":30,"column":37}},{"start":{"line":31,"column":20},"end":{"line":31,"column":61}},{"start":{"line":32,"column":20},"end":{"line":32,"column":70}},{"start":{"line":33,"column":20},"end":{"line":33,"column":26}}]},"3":{"line":37,"type":"cond-expr","locations":[{"start":{"line":38,"column":14},"end":{"line":38,"column":20}},{"start":{"line":39,"column":14},"end":{"line":39,"column":20}}]},"4":{"line":40,"type":"switch","locations":[{"start":{"line":42,"column":8},"end":{"line":47,"column":18}},{"start":{"line":49,"column":8},"end":{"line":52,"column":18}}]},"5":{"line":44,"type":"binary-expr","locations":[{"start":{"line":44,"column":16},"end":{"line":44,"column":44}},{"start":{"line":44,"column":48},"end":{"line":44,"column":66}}]},"6":{"line":50,"type":"binary-expr","locations":[{"start":{"line":50,"column":21},"end":{"line":50,"column":49}},{"start":{"line":50,"column":53},"end":{"line":50,"column":72}}]},"7":{"line":64,"type":"switch","locations":[{"start":{"line":69,"column":4},"end":{"line":70,"column":14}},{"start":{"line":75,"column":4},"end":{"line":76,"column":14}}]},"8":{"line":85,"type":"switch","locations":[{"start":{"line":90,"column":4},"end":{"line":105,"column":14}},{"start":{"line":111,"column":4},"end":{"line":193,"column":14},"skip":true}]},"9":{"line":91,"type":"binary-expr","locations":[{"start":{"line":91,"column":42},"end":{"line":91,"column":73}},{"start":{"line":91,"column":77},"end":{"line":99,"column":9}}]},"10":{"line":102,"type":"binary-expr","locations":[{"start":{"line":102,"column":18},"end":{"line":102,"column":32}},{"start":{"line":103,"column":12},"end":{"line":103,"column":53}},{"start":{"line":104,"column":12},"end":{"line":104,"column":61}}]},"11":{"line":112,"type":"binary-expr","locations":[{"start":{"line":112,"column":45},"end":{"line":112,"column":79},"skip":true},{"start":{"line":112,"column":83},"end":{"line":121,"column":9},"skip":true}]},"12":{"line":123,"type":"binary-expr","locations":[{"start":{"line":123,"column":42},"end":{"line":123,"column":73},"skip":true},{"start":{"line":123,"column":77},"end":{"line":136,"column":9},"skip":true}]},"13":{"line":138,"type":"binary-expr","locations":[{"start":{"line":138,"column":48},"end":{"line":138,"column":85},"skip":true},{"start":{"line":139,"column":12},"end":{"line":145,"column":13},"skip":true}]},"14":{"line":147,"type":"binary-expr","locations":[{"start":{"line":147,"column":42},"end":{"line":147,"column":73},"skip":true},{"start":{"line":147,"column":77},"end":{"line":156,"column":9},"skip":true}]},"15":{"line":158,"type":"binary-expr","locations":[{"start":{"line":158,"column":45},"end":{"line":158,"column":79},"skip":true},{"start":{"line":158,"column":83},"end":{"line":167,"column":9},"skip":true}]},"16":{"line":169,"type":"binary-expr","locations":[{"start":{"line":169,"column":43},"end":{"line":169,"column":75},"skip":true},{"start":{"line":169,"column":79},"end":{"line":178,"column":9},"skip":true}]},"17":{"line":180,"type":"binary-expr","locations":[{"start":{"line":180,"column":41},"end":{"line":180,"column":71},"skip":true},{"start":{"line":180,"column":75},"end":{"line":189,"column":9},"skip":true}]}},"code":["/* istanbul instrument in package npmtest_eventsource */","/*jslint","    bitwise: true,","    browser: true,","    maxerr: 8,","    maxlen: 96,","    node: true,","    nomen: true,","    regexp: true,","    stupid: true","*/","(function () {","    'use strict';","    var local;","","","","    // run shared js-env code - pre-init","    (function () {","        // init local","        local = {};","        // init modeJs","        local.modeJs = (function () {","            try {","                return typeof navigator.userAgent === 'string' &&","                    typeof document.querySelector('body') === 'object' &&","                    typeof XMLHttpRequest.prototype.open === 'function' &&","                    'browser';","            } catch (errorCaughtBrowser) {","                return module.exports &&","                    typeof process.versions.node === 'string' &&","                    typeof require('http').createServer === 'function' &&","                    'node';","            }","        }());","        // init global","        local.global = local.modeJs === 'browser'","            ? window","            : global;","        switch (local.modeJs) {","        // re-init local from window.local","        case 'browser':","            local = local.global.utility2.objectSetDefault(","                local.global.utility2_rollup || local.global.local,","                local.global.utility2","            );","            break;","        // re-init local from example.js","        case 'node':","            local = (local.global.utility2_rollup || require('utility2'))","                .requireExampleJsFromReadme();","            break;","        }","        // export local","        local.global.local = local;","    }());","","","","    // run shared js-env code - function","    (function () {","        return;","    }());","    switch (local.modeJs) {","","","","    // run browser js-env code - function","    case 'browser':","        break;","","","","    // run node js-env code - function","    case 'node':","        break;","    }","","","","    // run shared js-env code - post-init","    (function () {","        return;","    }());","    switch (local.modeJs) {","","","","    // run browser js-env code - post-init","    case 'browser':","        local.testCase_browser_nullCase = local.testCase_browser_nullCase || function (","            options,","            onError","        ) {","        /*","         * this function will test browsers's null-case handling-behavior-behavior","         */","            onError(null, options);","        };","","        // run tests","        local.nop(local.modeTest &&","            document.querySelector('#testRunButton1') &&","            document.querySelector('#testRunButton1').click());","        break;","","","","    // run node js-env code - post-init","    /* istanbul ignore next */","    case 'node':","        local.testCase_buildApidoc_default = local.testCase_buildApidoc_default || function (","            options,","            onError","        ) {","        /*","         * this function will test buildApidoc's default handling-behavior-behavior","         */","            options = { modulePathList: module.paths };","            local.buildApidoc(options, onError);","        };","","        local.testCase_buildApp_default = local.testCase_buildApp_default || function (","            options,","            onError","        ) {","        /*","         * this function will test buildApp's default handling-behavior-behavior","         */","            local.testCase_buildReadme_default(options, local.onErrorThrow);","            local.testCase_buildLib_default(options, local.onErrorThrow);","            local.testCase_buildTest_default(options, local.onErrorThrow);","            local.testCase_buildCustomOrg_default(options, local.onErrorThrow);","            options = [];","            local.buildApp(options, onError);","        };","","        local.testCase_buildCustomOrg_default = local.testCase_buildCustomOrg_default ||","            function (options, onError) {","            /*","             * this function will test buildCustomOrg's default handling-behavior","             */","                options = {};","                local.buildCustomOrg(options, onError);","            };","","        local.testCase_buildLib_default = local.testCase_buildLib_default || function (","            options,","            onError","        ) {","        /*","         * this function will test buildLib's default handling-behavior","         */","            options = {};","            local.buildLib(options, onError);","        };","","        local.testCase_buildReadme_default = local.testCase_buildReadme_default || function (","            options,","            onError","        ) {","        /*","         * this function will test buildReadme's default handling-behavior-behavior","         */","            options = {};","            local.buildReadme(options, onError);","        };","","        local.testCase_buildTest_default = local.testCase_buildTest_default || function (","            options,","            onError","        ) {","        /*","         * this function will test buildTest's default handling-behavior","         */","            options = {};","            local.buildTest(options, onError);","        };","","        local.testCase_webpage_default = local.testCase_webpage_default || function (","            options,","            onError","        ) {","        /*","         * this function will test webpage's default handling-behavior","         */","            options = { modeCoverageMerge: true, url: local.serverLocalHost + '?modeTest=1' };","            local.browserTest(options, onError);","        };","","        // run test-server","        local.testRunServer(local);","        break;","    }","}());",""],"l":{"12":2,"14":2,"19":2,"21":2,"23":2,"24":2,"25":2,"30":1,"37":2,"40":2,"43":1,"47":1,"50":1,"52":1,"55":2,"61":2,"62":2,"64":2,"70":1,"76":1,"82":2,"83":2,"85":2,"91":1,"98":1,"102":1,"105":1,"112":1,"119":1,"120":1,"123":1,"130":1,"131":1,"132":1,"133":1,"134":1,"135":1,"138":1,"143":2,"144":2,"147":1,"154":2,"155":2,"158":1,"165":2,"166":2,"169":1,"176":2,"177":2,"180":1,"187":1,"188":1,"192":1,"193":1}},"/home/travis/build/npmtest/node-npmtest-eventsource/lib.npmtest_eventsource.js":{"path":"/home/travis/build/npmtest/node-npmtest-eventsource/lib.npmtest_eventsource.js","s":{"1":2,"2":2,"3":2,"4":2,"5":2,"6":2,"7":2,"8":1,"9":2,"10":2,"11":2,"12":2,"13":1,"14":1,"15":1,"16":1},"b":{"1":[2,1,1,1],"2":[1,1,1,1],"3":[1,1],"4":[2,2],"5":[1,1]},"f":{"1":2,"2":2,"3":2},"fnMap":{"1":{"name":"(anonymous_1)","line":12,"loc":{"start":{"line":12,"column":1},"end":{"line":12,"column":13}}},"2":{"name":"(anonymous_2)","line":19,"loc":{"start":{"line":19,"column":5},"end":{"line":19,"column":17}}},"3":{"name":"(anonymous_3)","line":23,"loc":{"start":{"line":23,"column":24},"end":{"line":23,"column":36}}}},"statementMap":{"1":{"start":{"line":12,"column":0},"end":{"line":53,"column":5}},"2":{"start":{"line":14,"column":4},"end":{"line":14,"column":14}},"3":{"start":{"line":19,"column":4},"end":{"line":52,"column":9}},"4":{"start":{"line":21,"column":8},"end":{"line":21,"column":19}},"5":{"start":{"line":23,"column":8},"end":{"line":35,"column":13}},"6":{"start":{"line":24,"column":12},"end":{"line":34,"column":13}},"7":{"start":{"line":25,"column":16},"end":{"line":28,"column":30}},"8":{"start":{"line":30,"column":16},"end":{"line":33,"column":27}},"9":{"start":{"line":37,"column":8},"end":{"line":39,"column":21}},"10":{"start":{"line":41,"column":8},"end":{"line":41,"column":54}},"11":{"start":{"line":43,"column":8},"end":{"line":43,"column":56}},"12":{"start":{"line":45,"column":8},"end":{"line":51,"column":9}},"13":{"start":{"line":46,"column":12},"end":{"line":46,"column":62}},"14":{"start":{"line":48,"column":12},"end":{"line":48,"column":35}},"15":{"start":{"line":49,"column":12},"end":{"line":49,"column":49}},"16":{"start":{"line":50,"column":12},"end":{"line":50,"column":43}}},"branchMap":{"1":{"line":25,"type":"binary-expr","locations":[{"start":{"line":25,"column":23},"end":{"line":25,"column":62}},{"start":{"line":26,"column":20},"end":{"line":26,"column":70}},{"start":{"line":27,"column":20},"end":{"line":27,"column":71}},{"start":{"line":28,"column":20},"end":{"line":28,"column":29}}]},"2":{"line":30,"type":"binary-expr","locations":[{"start":{"line":30,"column":23},"end":{"line":30,"column":37}},{"start":{"line":31,"column":20},"end":{"line":31,"column":61}},{"start":{"line":32,"column":20},"end":{"line":32,"column":70}},{"start":{"line":33,"column":20},"end":{"line":33,"column":26}}]},"3":{"line":37,"type":"cond-expr","locations":[{"start":{"line":38,"column":14},"end":{"line":38,"column":20}},{"start":{"line":39,"column":14},"end":{"line":39,"column":20}}]},"4":{"line":41,"type":"binary-expr","locations":[{"start":{"line":41,"column":16},"end":{"line":41,"column":44}},{"start":{"line":41,"column":48},"end":{"line":41,"column":53}}]},"5":{"line":45,"type":"if","locations":[{"start":{"line":45,"column":8},"end":{"line":45,"column":8}},{"start":{"line":45,"column":8},"end":{"line":45,"column":8}}]}},"code":["/* istanbul instrument in package npmtest_eventsource */","/*jslint","    bitwise: true,","    browser: true,","    maxerr: 8,","    maxlen: 96,","    node: true,","    nomen: true,","    regexp: true,","    stupid: true","*/","(function () {","    'use strict';","    var local;","","","","    // run shared js-env code - pre-init","    (function () {","        // init local","        local = {};","        // init modeJs","        local.modeJs = (function () {","            try {","                return typeof navigator.userAgent === 'string' &&","                    typeof document.querySelector('body') === 'object' &&","                    typeof XMLHttpRequest.prototype.open === 'function' &&","                    'browser';","            } catch (errorCaughtBrowser) {","                return module.exports &&","                    typeof process.versions.node === 'string' &&","                    typeof require('http').createServer === 'function' &&","                    'node';","            }","        }());","        // init global","        local.global = local.modeJs === 'browser'","            ? window","            : global;","        // init utility2_rollup","        local = local.global.utility2_rollup || local;","        // init lib","        local.local = local.npmtest_eventsource = local;","        // init exports","        if (local.modeJs === 'browser') {","            local.global.utility2_npmtest_eventsource = local;","        } else {","            module.exports = local;","            module.exports.__dirname = __dirname;","            module.exports.module = module;","        }","    }());","}());",""],"l":{"12":2,"14":2,"19":2,"21":2,"23":2,"24":2,"25":2,"30":1,"37":2,"41":2,"43":2,"45":2,"46":1,"48":1,"49":1,"50":1}},"/home/travis/build/npmtest/node-npmtest-eventsource/example.js":{"path":"/home/travis/build/npmtest/node-npmtest-eventsource/example.js","s":{"1":2,"2":2,"3":2,"4":2,"5":2,"6":2,"7":2,"8":1,"9":2,"10":2,"11":2,"12":2,"13":1,"14":2,"15":2,"16":2,"17":2,"18":2,"19":0,"20":2,"21":1,"22":1,"23":1,"24":1,"25":1,"26":0,"27":0,"28":1,"29":1,"30":2,"31":0,"32":0,"33":0,"34":1,"35":2,"36":2,"37":3,"38":3,"39":3,"40":3,"41":0,"42":3,"43":3,"44":3,"45":1,"46":3,"47":1,"48":1,"49":1,"50":1,"51":1,"52":1,"53":1,"54":1,"55":1,"56":1,"57":0,"58":1,"59":6,"60":6,"61":1,"62":2,"63":0,"64":2,"65":1,"66":1,"67":0,"68":0,"69":0,"70":0,"71":0,"72":0,"73":0,"74":0,"75":0,"76":0,"77":0,"78":0,"79":0,"80":0,"81":0,"82":0,"83":0},"b":{"1":[2,1,1,1],"2":[1,1,1,1],"3":[1,1],"4":[2,2],"5":[1,1],"6":[1,1],"7":[2,0],"8":[2,1,1,1,1,1],"9":[0,2,0],"10":[1,1],"11":[2,1,1],"12":[1,0],"13":[0,2],"14":[2,0,0,0,0,0,0],"15":[0,3],"16":[3,0],"17":[1,1],"18":[0,1],"19":[1,2,0,2],"20":[1,0],"21":[1,1],"22":[0,0],"23":[0,0],"24":[0,0],"25":[0,0],"26":[0,0],"27":[0,0],"28":[0,0]},"f":{"1":2,"2":2,"3":2,"4":2,"5":2,"6":2,"7":3,"8":3,"9":3,"10":1,"11":6,"12":0},"fnMap":{"1":{"name":"(anonymous_1)","line":26,"loc":{"start":{"line":26,"column":1},"end":{"line":26,"column":13}}},"2":{"name":"(anonymous_2)","line":33,"loc":{"start":{"line":33,"column":5},"end":{"line":33,"column":17}}},"3":{"name":"(anonymous_3)","line":37,"loc":{"start":{"line":37,"column":24},"end":{"line":37,"column":36}}},"4":{"name":"(anonymous_4)","line":69,"loc":{"start":{"line":69,"column":31},"end":{"line":69,"column":48}},"skip":true},"5":{"name":"(anonymous_5)","line":78,"loc":{"start":{"line":78,"column":26},"end":{"line":78,"column":45}},"skip":true},"6":{"name":"(anonymous_6)","line":123,"loc":{"start":{"line":123,"column":33},"end":{"line":123,"column":48}},"skip":true},"7":{"name":"(anonymous_7)","line":125,"loc":{"start":{"line":125,"column":27},"end":{"line":125,"column":39}},"skip":true},"8":{"name":"(anonymous_8)","line":133,"loc":{"start":{"line":133,"column":59},"end":{"line":133,"column":74}},"skip":true},"9":{"name":"(anonymous_9)","line":143,"loc":{"start":{"line":143,"column":45},"end":{"line":143,"column":62}},"skip":true},"10":{"name":"(anonymous_10)","line":144,"loc":{"start":{"line":144,"column":73},"end":{"line":144,"column":92}},"skip":true},"11":{"name":"(anonymous_11)","line":272,"loc":{"start":{"line":272,"column":51},"end":{"line":272,"column":77}},"skip":true},"12":{"name":"(anonymous_12)","line":315,"loc":{"start":{"line":315,"column":32},"end":{"line":315,"column":61}},"skip":true}},"statementMap":{"1":{"start":{"line":26,"column":0},"end":{"line":326,"column":5}},"2":{"start":{"line":28,"column":4},"end":{"line":28,"column":14}},"3":{"start":{"line":33,"column":4},"end":{"line":60,"column":9}},"4":{"start":{"line":35,"column":8},"end":{"line":35,"column":19}},"5":{"start":{"line":37,"column":8},"end":{"line":49,"column":13}},"6":{"start":{"line":38,"column":12},"end":{"line":48,"column":13}},"7":{"start":{"line":39,"column":16},"end":{"line":42,"column":30}},"8":{"start":{"line":44,"column":16},"end":{"line":47,"column":27}},"9":{"start":{"line":51,"column":8},"end":{"line":53,"column":21}},"10":{"start":{"line":55,"column":8},"end":{"line":57,"column":45}},"11":{"start":{"line":59,"column":8},"end":{"line":59,"column":35}},"12":{"start":{"line":61,"column":4},"end":{"line":325,"column":5}},"13":{"start":{"line":69,"column":8},"end":{"line":121,"column":10},"skip":true},"14":{"start":{"line":70,"column":12},"end":{"line":88,"column":13},"skip":true},"15":{"start":{"line":76,"column":16},"end":{"line":87,"column":19},"skip":true},"16":{"start":{"line":79,"column":20},"end":{"line":86,"column":21},"skip":true},"17":{"start":{"line":82,"column":24},"end":{"line":82,"column":43},"skip":true},"18":{"start":{"line":83,"column":24},"end":{"line":83,"column":30},"skip":true},"19":{"start":{"line":85,"column":24},"end":{"line":85,"column":49},"skip":true},"20":{"start":{"line":89,"column":12},"end":{"line":107,"column":13},"skip":true},"21":{"start":{"line":92,"column":16},"end":{"line":102,"column":17},"skip":true},"22":{"start":{"line":93,"column":20},"end":{"line":93,"column":86},"skip":true},"23":{"start":{"line":94,"column":20},"end":{"line":95,"column":45},"skip":true},"24":{"start":{"line":96,"column":20},"end":{"line":96,"column":42},"skip":true},"25":{"start":{"line":97,"column":20},"end":{"line":97,"column":48},"skip":true},"26":{"start":{"line":100,"column":20},"end":{"line":100,"column":85},"skip":true},"27":{"start":{"line":101,"column":20},"end":{"line":101,"column":96},"skip":true},"28":{"start":{"line":103,"column":16},"end":{"line":103,"column":22},"skip":true},"29":{"start":{"line":106,"column":16},"end":{"line":106,"column":22},"skip":true},"30":{"start":{"line":108,"column":12},"end":{"line":120,"column":13},"skip":true},"31":{"start":{"line":114,"column":16},"end":{"line":119,"column":17},"skip":true},"32":{"start":{"line":116,"column":20},"end":{"line":116,"column":78},"skip":true},"33":{"start":{"line":118,"column":20},"end":{"line":118,"column":47},"skip":true},"34":{"start":{"line":123,"column":8},"end":{"line":141,"column":11},"skip":true},"35":{"start":{"line":124,"column":12},"end":{"line":124,"column":54},"skip":true},"36":{"start":{"line":125,"column":12},"end":{"line":140,"column":14},"skip":true},"37":{"start":{"line":126,"column":16},"end":{"line":126,"column":28},"skip":true},"38":{"start":{"line":127,"column":16},"end":{"line":127,"column":69},"skip":true},"39":{"start":{"line":128,"column":16},"end":{"line":128,"column":75},"skip":true},"40":{"start":{"line":129,"column":16},"end":{"line":131,"column":17},"skip":true},"41":{"start":{"line":130,"column":20},"end":{"line":130,"column":27},"skip":true},"42":{"start":{"line":133,"column":16},"end":{"line":137,"column":36},"skip":true},"43":{"start":{"line":134,"column":20},"end":{"line":136,"column":55},"skip":true},"44":{"start":{"line":139,"column":16},"end":{"line":139,"column":57},"skip":true},"45":{"start":{"line":143,"column":8},"end":{"line":147,"column":11},"skip":true},"46":{"start":{"line":144,"column":12},"end":{"line":146,"column":15},"skip":true},"47":{"start":{"line":145,"column":16},"end":{"line":145,"column":70},"skip":true},"48":{"start":{"line":149,"column":8},"end":{"line":149,"column":31},"skip":true},"49":{"start":{"line":150,"column":8},"end":{"line":150,"column":14},"skip":true},"50":{"start":{"line":158,"column":8},"end":{"line":158,"column":31},"skip":true},"51":{"start":{"line":160,"column":8},"end":{"line":160,"column":33},"skip":true},"52":{"start":{"line":161,"column":8},"end":{"line":161,"column":37},"skip":true},"53":{"start":{"line":162,"column":8},"end":{"line":162,"column":35},"skip":true},"54":{"start":{"line":164,"column":8},"end":{"line":164,"column":50},"skip":true},"55":{"start":{"line":166,"column":8},"end":{"line":256,"column":2},"skip":true},"56":{"start":{"line":258,"column":8},"end":{"line":286,"column":9},"skip":true},"57":{"start":{"line":259,"column":12},"end":{"line":269,"column":14},"skip":true},"58":{"start":{"line":271,"column":12},"end":{"line":285,"column":19},"skip":true},"59":{"start":{"line":274,"column":20},"end":{"line":274,"column":35},"skip":true},"60":{"start":{"line":275,"column":20},"end":{"line":284,"column":21},"skip":true},"61":{"start":{"line":277,"column":24},"end":{"line":277,"column":64},"skip":true},"62":{"start":{"line":279,"column":24},"end":{"line":279,"column":40},"skip":true},"63":{"start":{"line":281,"column":24},"end":{"line":281,"column":40},"skip":true},"64":{"start":{"line":283,"column":24},"end":{"line":283,"column":39},"skip":true},"65":{"start":{"line":288,"column":8},"end":{"line":290,"column":9},"skip":true},"66":{"start":{"line":289,"column":12},"end":{"line":289,"column":18},"skip":true},"67":{"start":{"line":291,"column":8},"end":{"line":293,"column":54},"skip":true},"68":{"start":{"line":296,"column":8},"end":{"line":301,"column":37},"skip":true},"69":{"start":{"line":303,"column":8},"end":{"line":303,"column":82},"skip":true},"70":{"start":{"line":306,"column":8},"end":{"line":308,"column":9},"skip":true},"71":{"start":{"line":307,"column":12},"end":{"line":307,"column":82},"skip":true},"72":{"start":{"line":310,"column":8},"end":{"line":312,"column":9},"skip":true},"73":{"start":{"line":311,"column":12},"end":{"line":311,"column":18},"skip":true},"74":{"start":{"line":313,"column":8},"end":{"line":313,"column":54},"skip":true},"75":{"start":{"line":314,"column":8},"end":{"line":314,"column":69},"skip":true},"76":{"start":{"line":315,"column":8},"end":{"line":323,"column":36},"skip":true},"77":{"start":{"line":316,"column":12},"end":{"line":316,"column":61},"skip":true},"78":{"start":{"line":317,"column":12},"end":{"line":320,"column":13},"skip":true},"79":{"start":{"line":318,"column":16},"end":{"line":318,"column":75},"skip":true},"80":{"start":{"line":319,"column":16},"end":{"line":319,"column":23},"skip":true},"81":{"start":{"line":321,"column":12},"end":{"line":321,"column":38},"skip":true},"82":{"start":{"line":322,"column":12},"end":{"line":322,"column":27},"skip":true},"83":{"start":{"line":324,"column":8},"end":{"line":324,"column":14},"skip":true}},"branchMap":{"1":{"line":39,"type":"binary-expr","locations":[{"start":{"line":39,"column":23},"end":{"line":39,"column":62}},{"start":{"line":40,"column":20},"end":{"line":40,"column":70}},{"start":{"line":41,"column":20},"end":{"line":41,"column":71}},{"start":{"line":42,"column":20},"end":{"line":42,"column":29}}]},"2":{"line":44,"type":"binary-expr","locations":[{"start":{"line":44,"column":23},"end":{"line":44,"column":37}},{"start":{"line":45,"column":20},"end":{"line":45,"column":61}},{"start":{"line":46,"column":20},"end":{"line":46,"column":70}},{"start":{"line":47,"column":20},"end":{"line":47,"column":26}}]},"3":{"line":51,"type":"cond-expr","locations":[{"start":{"line":52,"column":14},"end":{"line":52,"column":20}},{"start":{"line":53,"column":14},"end":{"line":53,"column":20}}]},"4":{"line":55,"type":"binary-expr","locations":[{"start":{"line":55,"column":16},"end":{"line":55,"column":44}},{"start":{"line":55,"column":49},"end":{"line":57,"column":43}}]},"5":{"line":55,"type":"cond-expr","locations":[{"start":{"line":56,"column":14},"end":{"line":56,"column":55}},{"start":{"line":57,"column":14},"end":{"line":57,"column":43}}]},"6":{"line":61,"type":"switch","locations":[{"start":{"line":68,"column":4},"end":{"line":150,"column":14},"skip":true},{"start":{"line":156,"column":4},"end":{"line":324,"column":14},"skip":true}]},"7":{"line":70,"type":"if","locations":[{"start":{"line":70,"column":12},"end":{"line":70,"column":12},"skip":true},{"start":{"line":70,"column":12},"end":{"line":70,"column":12},"skip":true}]},"8":{"line":70,"type":"binary-expr","locations":[{"start":{"line":70,"column":16},"end":{"line":70,"column":22},"skip":true},{"start":{"line":70,"column":27},"end":{"line":70,"column":32},"skip":true},{"start":{"line":71,"column":20},"end":{"line":71,"column":39},"skip":true},{"start":{"line":72,"column":20},"end":{"line":72,"column":49},"skip":true},{"start":{"line":73,"column":20},"end":{"line":73,"column":58},"skip":true},{"start":{"line":74,"column":20},"end":{"line":74,"column":69},"skip":true}]},"9":{"line":79,"type":"switch","locations":[{"start":{"line":80,"column":20},"end":{"line":80,"column":33},"skip":true},{"start":{"line":81,"column":20},"end":{"line":83,"column":30},"skip":true},{"start":{"line":84,"column":20},"end":{"line":85,"column":49},"skip":true}]},"10":{"line":89,"type":"switch","locations":[{"start":{"line":90,"column":12},"end":{"line":103,"column":22},"skip":true},{"start":{"line":105,"column":12},"end":{"line":106,"column":22},"skip":true}]},"11":{"line":89,"type":"binary-expr","locations":[{"start":{"line":89,"column":20},"end":{"line":89,"column":25},"skip":true},{"start":{"line":89,"column":29},"end":{"line":89,"column":48},"skip":true},{"start":{"line":89,"column":52},"end":{"line":89,"column":74},"skip":true}]},"12":{"line":92,"type":"if","locations":[{"start":{"line":92,"column":16},"end":{"line":92,"column":16},"skip":true},{"start":{"line":92,"column":16},"end":{"line":92,"column":16},"skip":true}]},"13":{"line":108,"type":"if","locations":[{"start":{"line":108,"column":12},"end":{"line":108,"column":12},"skip":true},{"start":{"line":108,"column":12},"end":{"line":108,"column":12},"skip":true}]},"14":{"line":108,"type":"binary-expr","locations":[{"start":{"line":108,"column":16},"end":{"line":108,"column":61},"skip":true},{"start":{"line":108,"column":66},"end":{"line":108,"column":72},"skip":true},{"start":{"line":108,"column":77},"end":{"line":108,"column":82},"skip":true},{"start":{"line":109,"column":20},"end":{"line":109,"column":39},"skip":true},{"start":{"line":110,"column":20},"end":{"line":110,"column":49},"skip":true},{"start":{"line":111,"column":20},"end":{"line":111,"column":58},"skip":true},{"start":{"line":112,"column":20},"end":{"line":112,"column":68},"skip":true}]},"15":{"line":129,"type":"if","locations":[{"start":{"line":129,"column":16},"end":{"line":129,"column":16},"skip":true},{"start":{"line":129,"column":16},"end":{"line":129,"column":16},"skip":true}]},"16":{"line":134,"type":"cond-expr","locations":[{"start":{"line":135,"column":26},"end":{"line":135,"column":29},"skip":true},{"start":{"line":136,"column":26},"end":{"line":136,"column":54},"skip":true}]},"17":{"line":164,"type":"binary-expr","locations":[{"start":{"line":164,"column":27},"end":{"line":164,"column":43},"skip":true},{"start":{"line":164,"column":47},"end":{"line":164,"column":49},"skip":true}]},"18":{"line":258,"type":"if","locations":[{"start":{"line":258,"column":8},"end":{"line":258,"column":8},"skip":true},{"start":{"line":258,"column":8},"end":{"line":258,"column":8},"skip":true}]},"19":{"line":275,"type":"switch","locations":[{"start":{"line":276,"column":20},"end":{"line":277,"column":64},"skip":true},{"start":{"line":278,"column":20},"end":{"line":279,"column":40},"skip":true},{"start":{"line":280,"column":20},"end":{"line":281,"column":40},"skip":true},{"start":{"line":282,"column":20},"end":{"line":283,"column":39},"skip":true}]},"20":{"line":288,"type":"if","locations":[{"start":{"line":288,"column":8},"end":{"line":288,"column":8},"skip":true},{"start":{"line":288,"column":8},"end":{"line":288,"column":8},"skip":true}]},"21":{"line":288,"type":"binary-expr","locations":[{"start":{"line":288,"column":12},"end":{"line":288,"column":40},"skip":true},{"start":{"line":288,"column":44},"end":{"line":288,"column":67},"skip":true}]},"22":{"line":292,"type":"binary-expr","locations":[{"start":{"line":292,"column":12},"end":{"line":292,"column":50},"skip":true},{"start":{"line":293,"column":12},"end":{"line":293,"column":53},"skip":true}]},"23":{"line":297,"type":"binary-expr","locations":[{"start":{"line":297,"column":12},"end":{"line":297,"column":69},"skip":true},{"start":{"line":298,"column":12},"end":{"line":301,"column":36},"skip":true}]},"24":{"line":303,"type":"binary-expr","locations":[{"start":{"line":303,"column":43},"end":{"line":303,"column":75},"skip":true},{"start":{"line":303,"column":79},"end":{"line":303,"column":81},"skip":true}]},"25":{"line":306,"type":"if","locations":[{"start":{"line":306,"column":8},"end":{"line":306,"column":8},"skip":true},{"start":{"line":306,"column":8},"end":{"line":306,"column":8},"skip":true}]},"26":{"line":310,"type":"if","locations":[{"start":{"line":310,"column":8},"end":{"line":310,"column":8},"skip":true},{"start":{"line":310,"column":8},"end":{"line":310,"column":8},"skip":true}]},"27":{"line":313,"type":"binary-expr","locations":[{"start":{"line":313,"column":27},"end":{"line":313,"column":43},"skip":true},{"start":{"line":313,"column":47},"end":{"line":313,"column":53},"skip":true}]},"28":{"line":317,"type":"if","locations":[{"start":{"line":317,"column":12},"end":{"line":317,"column":12},"skip":true},{"start":{"line":317,"column":12},"end":{"line":317,"column":12},"skip":true}]}},"code":["/*","example.js","","quickstart example","","instruction","    1. save this script as example.js","    2. run the shell command:","        $ npm install npmtest-eventsource && PORT=8081 node example.js","    3. play with the browser-demo on http://127.0.0.1:8081","*/","","","","/* istanbul instrument in package npmtest_eventsource */","/*jslint","    bitwise: true,","    browser: true,","    maxerr: 8,","    maxlen: 96,","    node: true,","    nomen: true,","    regexp: true,","    stupid: true","*/","(function () {","    'use strict';","    var local;","","","","    // run shared js-env code - pre-init","    (function () {","        // init local","        local = {};","        // init modeJs","        local.modeJs = (function () {","            try {","                return typeof navigator.userAgent === 'string' &&","                    typeof document.querySelector('body') === 'object' &&","                    typeof XMLHttpRequest.prototype.open === 'function' &&","                    'browser';","            } catch (errorCaughtBrowser) {","                return module.exports &&","                    typeof process.versions.node === 'string' &&","                    typeof require('http').createServer === 'function' &&","                    'node';","            }","        }());","        // init global","        local.global = local.modeJs === 'browser'","            ? window","            : global;","        // init utility2_rollup","        local = local.global.utility2_rollup || (local.modeJs === 'browser'","            ? local.global.utility2_npmtest_eventsource","            : global.utility2_moduleExports);","        // export local","        local.global.local = local;","    }());","    switch (local.modeJs) {","","","","    // post-init","    // run browser js-env code - post-init","    /* istanbul ignore next */","    case 'browser':","        local.testRunBrowser = function (event) {","            if (!event || (event &&","                    event.currentTarget &&","                    event.currentTarget.className &&","                    event.currentTarget.className.includes &&","                    event.currentTarget.className.includes('onreset'))) {","                // reset output","                Array.from(","                    document.querySelectorAll('body > .resettable')","                ).forEach(function (element) {","                    switch (element.tagName) {","                    case 'INPUT':","                    case 'TEXTAREA':","                        element.value = '';","                        break;","                    default:","                        element.textContent = '';","                    }","                });","            }","            switch (event && event.currentTarget && event.currentTarget.id) {","            case 'testRunButton1':","                // show tests","                if (document.querySelector('#testReportDiv1').style.display === 'none') {","                    document.querySelector('#testReportDiv1').style.display = 'block';","                    document.querySelector('#testRunButton1').textContent =","                        'hide internal test';","                    local.modeTest = true;","                    local.testRunDefault(local);","                // hide tests","                } else {","                    document.querySelector('#testReportDiv1').style.display = 'none';","                    document.querySelector('#testRunButton1').textContent = 'run internal test';","                }","                break;","            // custom-case","            default:","                break;","            }","            if (document.querySelector('#inputTextareaEval1') && (!event || (event &&","                    event.currentTarget &&","                    event.currentTarget.className &&","                    event.currentTarget.className.includes &&","                    event.currentTarget.className.includes('oneval')))) {","                // try to eval input-code","                try {","                    /*jslint evil: true*/","                    eval(document.querySelector('#inputTextareaEval1').value);","                } catch (errorCaught) {","                    console.error(errorCaught);","                }","            }","        };","        // log stderr and stdout to #outputTextareaStdout1","        ['error', 'log'].forEach(function (key) {","            console[key + '_original'] = console[key];","            console[key] = function () {","                var element;","                console[key + '_original'].apply(console, arguments);","                element = document.querySelector('#outputTextareaStdout1');","                if (!element) {","                    return;","                }","                // append text to #outputTextareaStdout1","                element.value += Array.from(arguments).map(function (arg) {","                    return typeof arg === 'string'","                        ? arg","                        : JSON.stringify(arg, null, 4);","                }).join(' ') + '\\n';","                // scroll textarea to bottom","                element.scrollTop = element.scrollHeight;","            };","        });","        // init event-handling","        ['change', 'click', 'keyup'].forEach(function (event) {","            Array.from(document.querySelectorAll('.on' + event)).forEach(function (element) {","                element.addEventListener(event, local.testRunBrowser);","            });","        });","        // run tests","        local.testRunBrowser();","        break;","","","","    // run node js-env code - post-init","    /* istanbul ignore next */","    case 'node':","        // export local","        module.exports = local;","        // require modules","        local.fs = require('fs');","        local.http = require('http');","        local.url = require('url');","        // init assets","        local.assetsDict = local.assetsDict || {};","        /* jslint-ignore-begin */","        local.assetsDict['/assets.index.template.html'] = '\\","<!doctype html>\\n\\","<html lang=\"en\">\\n\\","<head>\\n\\","<meta charset=\"UTF-8\">\\n\\","<meta name=\"viewport\" content=\"width=device-width, initial-scale=1\">\\n\\","<title>{{env.npm_package_name}} (v{{env.npm_package_version}})</title>\\n\\","<style>\\n\\","/*csslint\\n\\","    box-sizing: false,\\n\\","    universal-selector: false\\n\\","*/\\n\\","* {\\n\\","    box-sizing: border-box;\\n\\","}\\n\\","body {\\n\\","    background: #dde;\\n\\","    font-family: Arial, Helvetica, sans-serif;\\n\\","    margin: 2rem;\\n\\","}\\n\\","body > * {\\n\\","    margin-bottom: 1rem;\\n\\","}\\n\\",".utility2FooterDiv {\\n\\","    margin-top: 20px;\\n\\","    text-align: center;\\n\\","}\\n\\","</style>\\n\\","<style>\\n\\","/*csslint\\n\\","*/\\n\\","textarea {\\n\\","    font-family: monospace;\\n\\","    height: 10rem;\\n\\","    width: 100%;\\n\\","}\\n\\","textarea[readonly] {\\n\\","    background: #ddd;\\n\\","}\\n\\","</style>\\n\\","</head>\\n\\","<body>\\n\\","<!-- utility2-comment\\n\\","<div id=\"ajaxProgressDiv1\" style=\"background: #d00; height: 2px; left: 0; margin: 0; padding: 0; position: fixed; top: 0; transition: background 0.5s, width 1.5s; width: 25%;\"></div>\\n\\","utility2-comment -->\\n\\","<h1>\\n\\","<!-- utility2-comment\\n\\","    <a\\n\\","        {{#if env.npm_package_homepage}}\\n\\","        href=\"{{env.npm_package_homepage}}\"\\n\\","        {{/if env.npm_package_homepage}}\\n\\","        target=\"_blank\"\\n\\","    >\\n\\","utility2-comment -->\\n\\","        {{env.npm_package_name}} (v{{env.npm_package_version}})\\n\\","<!-- utility2-comment\\n\\","    </a>\\n\\","utility2-comment -->\\n\\","</h1>\\n\\","<h3>{{env.npm_package_description}}</h3>\\n\\","<!-- utility2-comment\\n\\","<h4><a download href=\"assets.app.js\">download standalone app</a></h4>\\n\\","<button class=\"onclick onreset\" id=\"testRunButton1\">run internal test</button><br>\\n\\","<div id=\"testReportDiv1\" style=\"display: none;\"></div>\\n\\","utility2-comment -->\\n\\","\\n\\","\\n\\","\\n\\","<label>stderr and stdout</label>\\n\\","<textarea class=\"resettable\" id=\"outputTextareaStdout1\" readonly></textarea>\\n\\","<!-- utility2-comment\\n\\","{{#if isRollup}}\\n\\","<script src=\"assets.app.js\"></script>\\n\\","{{#unless isRollup}}\\n\\","utility2-comment -->\\n\\","<script src=\"assets.utility2.rollup.js\"></script>\\n\\","<script src=\"jsonp.utility2._stateInit?callback=window.utility2._stateInit\"></script>\\n\\","<script src=\"assets.npmtest_eventsource.rollup.js\"></script>\\n\\","<script src=\"assets.example.js\"></script>\\n\\","<script src=\"assets.test.js\"></script>\\n\\","<!-- utility2-comment\\n\\","{{/if isRollup}}\\n\\","utility2-comment -->\\n\\","<div class=\"utility2FooterDiv\">\\n\\","    [ this app was created with\\n\\","    <a href=\"https://github.com/kaizhu256/node-utility2\" target=\"_blank\">utility2</a>\\n\\","    ]\\n\\","</div>\\n\\","</body>\\n\\","</html>\\n\\","';","        /* jslint-ignore-end */","        if (local.templateRender) {","            local.assetsDict['/'] = local.templateRender(","                local.assetsDict['/assets.index.template.html'],","                {","                    env: local.objectSetDefault(local.env, {","                        npm_package_description: 'the greatest app in the world!',","                        npm_package_name: 'my-app',","                        npm_package_nameAlias: 'my_app',","                        npm_package_version: '0.0.1'","                    })","                }","            );","        } else {","            local.assetsDict['/'] = local.assetsDict['/assets.index.template.html']","                .replace((/\\{\\{env\\.(\\w+?)\\}\\}/g), function (match0, match1) {","                    // jslint-hack","                    String(match0);","                    switch (match1) {","                    case 'npm_package_description':","                        return 'the greatest app in the world!';","                    case 'npm_package_name':","                        return 'my-app';","                    case 'npm_package_nameAlias':","                        return 'my_app';","                    case 'npm_package_version':","                        return '0.0.1';","                    }","                });","        }","        // run the cli","        if (local.global.utility2_rollup || module !== require.main) {","            break;","        }","        local.assetsDict['/assets.example.js'] =","            local.assetsDict['/assets.example.js'] ||","            local.fs.readFileSync(__filename, 'utf8');","        // bug-workaround - long $npm_package_buildCustomOrg","        /* jslint-ignore-begin */","        local.assetsDict['/assets.npmtest_eventsource.rollup.js'] =","            local.assetsDict['/assets.npmtest_eventsource.rollup.js'] ||","            local.fs.readFileSync(","                local.npmtest_eventsource.__dirname + '/lib.npmtest_eventsource.js',","                'utf8'","            ).replace((/^#!/), '//');","        /* jslint-ignore-end */","        local.assetsDict['/favicon.ico'] = local.assetsDict['/favicon.ico'] || '';","        // if $npm_config_timeout_exit exists,","        // then exit this process after $npm_config_timeout_exit ms","        if (Number(process.env.npm_config_timeout_exit)) {","            setTimeout(process.exit, Number(process.env.npm_config_timeout_exit));","        }","        // start server","        if (local.global.utility2_serverHttp1) {","            break;","        }","        process.env.PORT = process.env.PORT || '8081';","        console.error('server starting on port ' + process.env.PORT);","        local.http.createServer(function (request, response) {","            request.urlParsed = local.url.parse(request.url);","            if (local.assetsDict[request.urlParsed.pathname] !== undefined) {","                response.end(local.assetsDict[request.urlParsed.pathname]);","                return;","            }","            response.statusCode = 404;","            response.end();","        }).listen(process.env.PORT);","        break;","    }","}());",""],"l":{"26":2,"28":2,"33":2,"35":2,"37":2,"38":2,"39":2,"44":1,"51":2,"55":2,"59":2,"61":2,"69":1,"70":2,"76":2,"79":2,"82":2,"83":2,"85":1,"89":2,"92":1,"93":1,"94":1,"96":1,"97":1,"100":1,"101":1,"103":1,"106":1,"108":2,"114":1,"116":1,"118":1,"123":1,"124":2,"125":2,"126":3,"127":3,"128":3,"129":3,"130":1,"133":3,"134":3,"139":3,"143":1,"144":3,"145":1,"149":1,"150":1,"158":1,"160":1,"161":1,"162":1,"164":1,"166":1,"258":1,"259":1,"271":1,"274":6,"275":6,"277":1,"279":2,"281":1,"283":2,"288":1,"289":1,"291":1,"296":1,"303":1,"306":1,"307":1,"310":1,"311":1,"313":1,"314":1,"315":1,"316":1,"317":1,"318":1,"319":1,"321":1,"322":1,"324":1}},"/home/travis/build/npmtest/node-npmtest-eventsource/node_modules/eventsource/lib/eventsource.js":{"path":"/home/travis/build/npmtest/node-npmtest-eventsource/node_modules/eventsource/lib/eventsource.js","s":{"1":1,"2":1,"3":1,"4":1,"5":1,"6":1,"7":1,"8":1,"9":0,"10":0,"11":0,"12":0,"13":0,"14":0,"15":0,"16":1,"17":0,"18":0,"19":0,"20":0,"21":0,"22":0,"23":0,"24":0,"25":0,"26":0,"27":0,"28":0,"29":0,"30":0,"31":0,"32":0,"33":0,"34":0,"35":0,"36":0,"37":1,"38":0,"39":0,"40":0,"41":0,"42":0,"43":0,"44":0,"45":0,"46":0,"47":0,"48":0,"49":0,"50":0,"51":0,"52":0,"53":0,"54":0,"55":0,"56":0,"57":0,"58":0,"59":0,"60":0,"61":0,"62":0,"63":0,"64":0,"65":0,"66":0,"67":0,"68":0,"69":0,"70":0,"71":0,"72":0,"73":0,"74":0,"75":0,"76":0,"77":0,"78":0,"79":0,"80":0,"81":0,"82":0,"83":0,"84":0,"85":0,"86":0,"87":0,"88":0,"89":0,"90":0,"91":0,"92":0,"93":0,"94":0,"95":0,"96":0,"97":0,"98":0,"99":0,"100":0,"101":0,"102":0,"103":0,"104":0,"105":0,"106":0,"107":0,"108":0,"109":0,"110":0,"111":0,"112":0,"113":0,"114":0,"115":0,"116":0,"117":0,"118":0,"119":0,"120":0,"121":0,"122":1,"123":0,"124":0,"125":0,"126":0,"127":0,"128":0,"129":0,"130":0,"131":0,"132":0,"133":1,"134":0,"135":0,"136":0,"137":0,"138":0,"139":0,"140":0,"141":0,"142":0,"143":0,"144":0,"145":0,"146":0,"147":0,"148":0,"149":0,"150":0,"151":0,"152":0,"153":0,"154":0,"155":0,"156":0,"157":0,"158":0,"159":0,"160":0,"161":0,"162":1,"163":1,"164":1,"165":1,"166":3,"167":0,"168":0,"169":0,"170":0,"171":1,"172":1,"173":1,"174":1,"175":1,"176":1,"177":1,"178":0,"179":0,"180":0,"181":1,"182":0,"183":0,"184":0,"185":1,"186":0,"187":0,"188":0,"189":0,"190":0,"191":1,"192":0,"193":0,"194":0,"195":0},"b":{"1":[0,0],"2":[0,0],"3":[0,0],"4":[0,0],"5":[0,0,0],"6":[0,0],"7":[0,0],"8":[0,0],"9":[0,0],"10":[0,0],"11":[0,0],"12":[0,0],"13":[0,0],"14":[0,0],"15":[0,0],"16":[0,0],"17":[0,0],"18":[0,0],"19":[0,0],"20":[0,0],"21":[0,0],"22":[0,0],"23":[0,0],"24":[0,0],"25":[0,0],"26":[0,0],"27":[0,0],"28":[0,0],"29":[0,0],"30":[0,0],"31":[0,0],"32":[0,0],"33":[0,0],"34":[0,0],"35":[0,0],"36":[0,0],"37":[0,0],"38":[0,0],"39":[0,0],"40":[0,0],"41":[0,0],"42":[0,0],"43":[0,0],"44":[0,0],"45":[0,0],"46":[0,0],"47":[0,0],"48":[0,0],"49":[0,0],"50":[0,0],"51":[0,0],"52":[0,0],"53":[0,0],"54":[0,0],"55":[0,0],"56":[0,0],"57":[0,0]},"f":{"1":0,"2":0,"3":0,"4":0,"5":0,"6":0,"7":0,"8":0,"9":0,"10":0,"11":0,"12":0,"13":0,"14":3,"15":0,"16":0,"17":0,"18":0,"19":0,"20":0},"fnMap":{"1":{"name":"EventSource","line":20,"loc":{"start":{"line":20,"column":0},"end":{"line":20,"column":48}}},"2":{"name":"(anonymous_2)","line":23,"loc":{"start":{"line":23,"column":9},"end":{"line":23,"column":21}}},"3":{"name":"(anonymous_3)","line":29,"loc":{"start":{"line":29,"column":9},"end":{"line":29,"column":21}}},"4":{"name":"onConnectionClosed","line":37,"loc":{"start":{"line":37,"column":2},"end":{"line":37,"column":33}}},"5":{"name":"(anonymous_5)","line":48,"loc":{"start":{"line":48,"column":15},"end":{"line":48,"column":27}}},"6":{"name":"connect","line":69,"loc":{"start":{"line":69,"column":2},"end":{"line":69,"column":22}}},"7":{"name":"(anonymous_7)","line":112,"loc":{"start":{"line":112,"column":53},"end":{"line":112,"column":68}}},"8":{"name":"(anonymous_8)","line":132,"loc":{"start":{"line":132,"column":22},"end":{"line":132,"column":34}}},"9":{"name":"(anonymous_9)","line":138,"loc":{"start":{"line":138,"column":20},"end":{"line":138,"column":32}}},"10":{"name":"(anonymous_10)","line":148,"loc":{"start":{"line":148,"column":21},"end":{"line":148,"column":38}}},"11":{"name":"_emit","line":204,"loc":{"start":{"line":204,"column":2},"end":{"line":204,"column":20}}},"12":{"name":"(anonymous_12)","line":210,"loc":{"start":{"line":210,"column":15},"end":{"line":210,"column":27}}},"13":{"name":"parseEventStreamLine","line":217,"loc":{"start":{"line":217,"column":2},"end":{"line":217,"column":68}}},"14":{"name":"(anonymous_14)","line":267,"loc":{"start":{"line":267,"column":37},"end":{"line":267,"column":55}}},"15":{"name":"get","line":275,"loc":{"start":{"line":275,"column":9},"end":{"line":275,"column":25}}},"16":{"name":"set","line":287,"loc":{"start":{"line":287,"column":9},"end":{"line":287,"column":33}}},"17":{"name":"addEventListener","line":314,"loc":{"start":{"line":314,"column":41},"end":{"line":314,"column":84}}},"18":{"name":"removeEventListener","line":331,"loc":{"start":{"line":331,"column":44},"end":{"line":331,"column":90}}},"19":{"name":"Event","line":344,"loc":{"start":{"line":344,"column":0},"end":{"line":344,"column":42}}},"20":{"name":"MessageEvent","line":361,"loc":{"start":{"line":361,"column":0},"end":{"line":361,"column":44}}}},"statementMap":{"1":{"start":{"line":1,"column":0},"end":{"line":1,"column":34}},"2":{"start":{"line":2,"column":0},"end":{"line":2,"column":32}},"3":{"start":{"line":3,"column":0},"end":{"line":3,"column":30}},"4":{"start":{"line":4,"column":0},"end":{"line":4,"column":28}},"5":{"start":{"line":5,"column":0},"end":{"line":5,"column":26}},"6":{"start":{"line":6,"column":0},"end":{"line":6,"column":26}},"7":{"start":{"line":8,"column":0},"end":{"line":11,"column":1}},"8":{"start":{"line":20,"column":0},"end":{"line":260,"column":1}},"9":{"start":{"line":21,"column":2},"end":{"line":21,"column":41}},"10":{"start":{"line":22,"column":2},"end":{"line":26,"column":4}},"11":{"start":{"line":24,"column":6},"end":{"line":24,"column":23}},"12":{"start":{"line":28,"column":2},"end":{"line":32,"column":4}},"13":{"start":{"line":30,"column":6},"end":{"line":30,"column":16}},"14":{"start":{"line":34,"column":2},"end":{"line":34,"column":17}},"15":{"start":{"line":35,"column":2},"end":{"line":35,"column":31}},"16":{"start":{"line":37,"column":2},"end":{"line":54,"column":3}},"17":{"start":{"line":38,"column":4},"end":{"line":38,"column":49}},"18":{"start":{"line":38,"column":43},"end":{"line":38,"column":49}},"19":{"start":{"line":39,"column":4},"end":{"line":39,"column":39}},"20":{"start":{"line":40,"column":4},"end":{"line":40,"column":38}},"21":{"start":{"line":44,"column":4},"end":{"line":47,"column":5}},"22":{"start":{"line":45,"column":6},"end":{"line":45,"column":24}},"23":{"start":{"line":46,"column":6},"end":{"line":46,"column":25}},"24":{"start":{"line":48,"column":4},"end":{"line":53,"column":30}},"25":{"start":{"line":49,"column":6},"end":{"line":51,"column":7}},"26":{"start":{"line":50,"column":8},"end":{"line":50,"column":14}},"27":{"start":{"line":52,"column":6},"end":{"line":52,"column":15}},"28":{"start":{"line":56,"column":2},"end":{"line":56,"column":9}},"29":{"start":{"line":57,"column":2},"end":{"line":57,"column":22}},"30":{"start":{"line":58,"column":2},"end":{"line":61,"column":3}},"31":{"start":{"line":59,"column":4},"end":{"line":59,"column":62}},"32":{"start":{"line":60,"column":4},"end":{"line":60,"column":55}},"33":{"start":{"line":63,"column":2},"end":{"line":63,"column":36}},"34":{"start":{"line":64,"column":2},"end":{"line":64,"column":15}},"35":{"start":{"line":65,"column":2},"end":{"line":65,"column":20}},"36":{"start":{"line":67,"column":2},"end":{"line":67,"column":25}},"37":{"start":{"line":69,"column":2},"end":{"line":200,"column":3}},"38":{"start":{"line":70,"column":4},"end":{"line":70,"column":28}},"39":{"start":{"line":71,"column":4},"end":{"line":71,"column":48}},"40":{"start":{"line":72,"column":4},"end":{"line":72,"column":84}},"41":{"start":{"line":73,"column":4},"end":{"line":73,"column":67}},"42":{"start":{"line":73,"column":21},"end":{"line":73,"column":67}},"43":{"start":{"line":74,"column":4},"end":{"line":81,"column":5}},"44":{"start":{"line":75,"column":6},"end":{"line":80,"column":7}},"45":{"start":{"line":76,"column":8},"end":{"line":76,"column":51}},"46":{"start":{"line":77,"column":8},"end":{"line":79,"column":9}},"47":{"start":{"line":78,"column":10},"end":{"line":78,"column":37}},"48":{"start":{"line":85,"column":4},"end":{"line":85,"column":98}},"49":{"start":{"line":89,"column":4},"end":{"line":96,"column":5}},"50":{"start":{"line":90,"column":6},"end":{"line":90,"column":50}},"51":{"start":{"line":91,"column":6},"end":{"line":91,"column":24}},"52":{"start":{"line":92,"column":6},"end":{"line":92,"column":41}},"53":{"start":{"line":93,"column":6},"end":{"line":93,"column":39}},"54":{"start":{"line":94,"column":6},"end":{"line":94,"column":31}},"55":{"start":{"line":95,"column":6},"end":{"line":95,"column":31}},"56":{"start":{"line":99,"column":4},"end":{"line":110,"column":5}},"57":{"start":{"line":100,"column":6},"end":{"line":109,"column":7}},"58":{"start":{"line":101,"column":8},"end":{"line":103,"column":9}},"59":{"start":{"line":102,"column":10},"end":{"line":102,"column":18}},"60":{"start":{"line":105,"column":8},"end":{"line":105,"column":55}},"61":{"start":{"line":106,"column":8},"end":{"line":108,"column":9}},"62":{"start":{"line":107,"column":10},"end":{"line":107,"column":35}},"63":{"start":{"line":112,"column":4},"end":{"line":195,"column":6}},"64":{"start":{"line":114,"column":6},"end":{"line":124,"column":7}},"65":{"start":{"line":115,"column":8},"end":{"line":119,"column":9}},"66":{"start":{"line":117,"column":10},"end":{"line":117,"column":70}},"67":{"start":{"line":118,"column":10},"end":{"line":118,"column":16}},"68":{"start":{"line":120,"column":8},"end":{"line":120,"column":54}},"69":{"start":{"line":120,"column":36},"end":{"line":120,"column":54}},"70":{"start":{"line":121,"column":8},"end":{"line":121,"column":34}},"71":{"start":{"line":122,"column":8},"end":{"line":122,"column":33}},"72":{"start":{"line":123,"column":8},"end":{"line":123,"column":14}},"73":{"start":{"line":126,"column":6},"end":{"line":129,"column":7}},"74":{"start":{"line":127,"column":8},"end":{"line":127,"column":68}},"75":{"start":{"line":128,"column":8},"end":{"line":128,"column":27}},"76":{"start":{"line":131,"column":6},"end":{"line":131,"column":35}},"77":{"start":{"line":132,"column":6},"end":{"line":136,"column":8}},"78":{"start":{"line":133,"column":8},"end":{"line":133,"column":39}},"79":{"start":{"line":134,"column":8},"end":{"line":134,"column":37}},"80":{"start":{"line":135,"column":8},"end":{"line":135,"column":28}},"81":{"start":{"line":138,"column":6},"end":{"line":142,"column":8}},"82":{"start":{"line":139,"column":8},"end":{"line":139,"column":39}},"83":{"start":{"line":140,"column":8},"end":{"line":140,"column":37}},"84":{"start":{"line":141,"column":8},"end":{"line":141,"column":28}},"85":{"start":{"line":143,"column":6},"end":{"line":143,"column":38}},"86":{"start":{"line":147,"column":6},"end":{"line":147,"column":18}},"87":{"start":{"line":148,"column":6},"end":{"line":194,"column":8}},"88":{"start":{"line":149,"column":8},"end":{"line":149,"column":20}},"89":{"start":{"line":151,"column":8},"end":{"line":151,"column":19}},"90":{"start":{"line":152,"column":8},"end":{"line":152,"column":31}},"91":{"start":{"line":154,"column":8},"end":{"line":187,"column":9}},"92":{"start":{"line":155,"column":10},"end":{"line":160,"column":11}},"93":{"start":{"line":156,"column":12},"end":{"line":158,"column":13}},"94":{"start":{"line":157,"column":14},"end":{"line":157,"column":19}},"95":{"start":{"line":159,"column":12},"end":{"line":159,"column":42}},"96":{"start":{"line":162,"column":10},"end":{"line":162,"column":29}},"97":{"start":{"line":163,"column":10},"end":{"line":163,"column":30}},"98":{"start":{"line":164,"column":10},"end":{"line":164,"column":15}},"99":{"start":{"line":166,"column":10},"end":{"line":178,"column":11}},"100":{"start":{"line":167,"column":12},"end":{"line":167,"column":22}},"101":{"start":{"line":168,"column":12},"end":{"line":177,"column":13}},"102":{"start":{"line":169,"column":14},"end":{"line":171,"column":15}},"103":{"start":{"line":170,"column":16},"end":{"line":170,"column":37}},"104":{"start":{"line":172,"column":19},"end":{"line":177,"column":13}},"105":{"start":{"line":173,"column":14},"end":{"line":173,"column":43}},"106":{"start":{"line":174,"column":14},"end":{"line":174,"column":34}},"107":{"start":{"line":175,"column":19},"end":{"line":177,"column":13}},"108":{"start":{"line":176,"column":14},"end":{"line":176,"column":34}},"109":{"start":{"line":180,"column":10},"end":{"line":182,"column":11}},"110":{"start":{"line":181,"column":12},"end":{"line":181,"column":17}},"111":{"start":{"line":184,"column":10},"end":{"line":184,"column":65}},"112":{"start":{"line":186,"column":10},"end":{"line":186,"column":31}},"113":{"start":{"line":189,"column":8},"end":{"line":193,"column":9}},"114":{"start":{"line":190,"column":10},"end":{"line":190,"column":18}},"115":{"start":{"line":191,"column":15},"end":{"line":193,"column":9}},"116":{"start":{"line":192,"column":10},"end":{"line":192,"column":30}},"117":{"start":{"line":197,"column":4},"end":{"line":197,"column":39}},"118":{"start":{"line":198,"column":4},"end":{"line":198,"column":44}},"119":{"start":{"line":198,"column":24},"end":{"line":198,"column":44}},"120":{"start":{"line":199,"column":4},"end":{"line":199,"column":13}},"121":{"start":{"line":202,"column":2},"end":{"line":202,"column":11}},"122":{"start":{"line":204,"column":2},"end":{"line":208,"column":3}},"123":{"start":{"line":205,"column":4},"end":{"line":207,"column":5}},"124":{"start":{"line":206,"column":6},"end":{"line":206,"column":38}},"125":{"start":{"line":210,"column":2},"end":{"line":215,"column":3}},"126":{"start":{"line":211,"column":4},"end":{"line":211,"column":49}},"127":{"start":{"line":211,"column":43},"end":{"line":211,"column":49}},"128":{"start":{"line":212,"column":4},"end":{"line":212,"column":35}},"129":{"start":{"line":213,"column":4},"end":{"line":213,"column":30}},"130":{"start":{"line":213,"column":19},"end":{"line":213,"column":30}},"131":{"start":{"line":214,"column":4},"end":{"line":214,"column":49}},"132":{"start":{"line":214,"column":34},"end":{"line":214,"column":49}},"133":{"start":{"line":217,"column":2},"end":{"line":259,"column":3}},"134":{"start":{"line":218,"column":4},"end":{"line":258,"column":5}},"135":{"start":{"line":219,"column":6},"end":{"line":227,"column":7}},"136":{"start":{"line":220,"column":8},"end":{"line":220,"column":41}},"137":{"start":{"line":221,"column":8},"end":{"line":225,"column":11}},"138":{"start":{"line":226,"column":8},"end":{"line":226,"column":17}},"139":{"start":{"line":228,"column":6},"end":{"line":228,"column":24}},"140":{"start":{"line":229,"column":11},"end":{"line":258,"column":5}},"141":{"start":{"line":230,"column":6},"end":{"line":230,"column":35}},"142":{"start":{"line":231,"column":6},"end":{"line":231,"column":18}},"143":{"start":{"line":232,"column":6},"end":{"line":232,"column":76}},"144":{"start":{"line":234,"column":6},"end":{"line":240,"column":7}},"145":{"start":{"line":235,"column":8},"end":{"line":235,"column":25}},"146":{"start":{"line":236,"column":13},"end":{"line":240,"column":7}},"147":{"start":{"line":237,"column":8},"end":{"line":237,"column":30}},"148":{"start":{"line":239,"column":8},"end":{"line":239,"column":30}},"149":{"start":{"line":241,"column":6},"end":{"line":241,"column":17}},"150":{"start":{"line":243,"column":6},"end":{"line":243,"column":41}},"151":{"start":{"line":244,"column":6},"end":{"line":244,"column":51}},"152":{"start":{"line":246,"column":6},"end":{"line":257,"column":7}},"153":{"start":{"line":247,"column":8},"end":{"line":247,"column":28}},"154":{"start":{"line":248,"column":13},"end":{"line":257,"column":7}},"155":{"start":{"line":249,"column":8},"end":{"line":249,"column":25}},"156":{"start":{"line":250,"column":13},"end":{"line":257,"column":7}},"157":{"start":{"line":251,"column":8},"end":{"line":251,"column":27}},"158":{"start":{"line":252,"column":13},"end":{"line":257,"column":7}},"159":{"start":{"line":253,"column":8},"end":{"line":253,"column":39}},"160":{"start":{"line":254,"column":8},"end":{"line":256,"column":9}},"161":{"start":{"line":255,"column":10},"end":{"line":255,"column":40}},"162":{"start":{"line":262,"column":0},"end":{"line":262,"column":28}},"163":{"start":{"line":264,"column":0},"end":{"line":264,"column":47}},"164":{"start":{"line":265,"column":0},"end":{"line":265,"column":48}},"165":{"start":{"line":267,"column":0},"end":{"line":292,"column":2}},"166":{"start":{"line":268,"column":2},"end":{"line":291,"column":4}},"167":{"start":{"line":276,"column":6},"end":{"line":276,"column":46}},"168":{"start":{"line":277,"column":6},"end":{"line":277,"column":88}},"169":{"start":{"line":288,"column":6},"end":{"line":288,"column":37}},"170":{"start":{"line":289,"column":6},"end":{"line":289,"column":45}},"171":{"start":{"line":297,"column":0},"end":{"line":297,"column":78}},"172":{"start":{"line":298,"column":0},"end":{"line":298,"column":72}},"173":{"start":{"line":299,"column":0},"end":{"line":299,"column":74}},"174":{"start":{"line":301,"column":0},"end":{"line":301,"column":36}},"175":{"start":{"line":302,"column":0},"end":{"line":302,"column":30}},"176":{"start":{"line":303,"column":0},"end":{"line":303,"column":32}},"177":{"start":{"line":314,"column":0},"end":{"line":320,"column":1}},"178":{"start":{"line":315,"column":2},"end":{"line":319,"column":3}},"179":{"start":{"line":317,"column":4},"end":{"line":317,"column":33}},"180":{"start":{"line":318,"column":4},"end":{"line":318,"column":27}},"181":{"start":{"line":331,"column":0},"end":{"line":336,"column":1}},"182":{"start":{"line":332,"column":2},"end":{"line":335,"column":3}},"183":{"start":{"line":333,"column":4},"end":{"line":333,"column":34}},"184":{"start":{"line":334,"column":4},"end":{"line":334,"column":39}},"185":{"start":{"line":344,"column":0},"end":{"line":353,"column":1}},"186":{"start":{"line":345,"column":2},"end":{"line":345,"column":89}},"187":{"start":{"line":346,"column":2},"end":{"line":352,"column":3}},"188":{"start":{"line":347,"column":4},"end":{"line":351,"column":5}},"189":{"start":{"line":348,"column":6},"end":{"line":350,"column":7}},"190":{"start":{"line":349,"column":8},"end":{"line":349,"column":107}},"191":{"start":{"line":361,"column":0},"end":{"line":368,"column":1}},"192":{"start":{"line":362,"column":2},"end":{"line":362,"column":89}},"193":{"start":{"line":363,"column":2},"end":{"line":367,"column":3}},"194":{"start":{"line":364,"column":4},"end":{"line":366,"column":5}},"195":{"start":{"line":365,"column":6},"end":{"line":365,"column":100}}},"branchMap":{"1":{"line":38,"type":"if","locations":[{"start":{"line":38,"column":4},"end":{"line":38,"column":4}},{"start":{"line":38,"column":4},"end":{"line":38,"column":4}}]},"2":{"line":44,"type":"if","locations":[{"start":{"line":44,"column":4},"end":{"line":44,"column":4}},{"start":{"line":44,"column":4},"end":{"line":44,"column":4}}]},"3":{"line":49,"type":"if","locations":[{"start":{"line":49,"column":6},"end":{"line":49,"column":6}},{"start":{"line":49,"column":6},"end":{"line":49,"column":6}}]},"4":{"line":58,"type":"if","locations":[{"start":{"line":58,"column":2},"end":{"line":58,"column":2}},{"start":{"line":58,"column":2},"end":{"line":58,"column":2}}]},"5":{"line":58,"type":"binary-expr","locations":[{"start":{"line":58,"column":6},"end":{"line":58,"column":25}},{"start":{"line":58,"column":29},"end":{"line":58,"column":56}},{"start":{"line":58,"column":60},"end":{"line":58,"column":104}}]},"6":{"line":73,"type":"if","locations":[{"start":{"line":73,"column":4},"end":{"line":73,"column":4}},{"start":{"line":73,"column":4},"end":{"line":73,"column":4}}]},"7":{"line":74,"type":"if","locations":[{"start":{"line":74,"column":4},"end":{"line":74,"column":4}},{"start":{"line":74,"column":4},"end":{"line":74,"column":4}}]},"8":{"line":74,"type":"binary-expr","locations":[{"start":{"line":74,"column":8},"end":{"line":74,"column":27}},{"start":{"line":74,"column":31},"end":{"line":74,"column":58}}]},"9":{"line":77,"type":"if","locations":[{"start":{"line":77,"column":8},"end":{"line":77,"column":8}},{"start":{"line":77,"column":8},"end":{"line":77,"column":8}}]},"10":{"line":85,"type":"binary-expr","locations":[{"start":{"line":85,"column":35},"end":{"line":85,"column":54}},{"start":{"line":85,"column":58},"end":{"line":85,"column":97}}]},"11":{"line":89,"type":"if","locations":[{"start":{"line":89,"column":4},"end":{"line":89,"column":4}},{"start":{"line":89,"column":4},"end":{"line":89,"column":4}}]},"12":{"line":89,"type":"binary-expr","locations":[{"start":{"line":89,"column":8},"end":{"line":89,"column":27}},{"start":{"line":89,"column":31},"end":{"line":89,"column":56}}]},"13":{"line":99,"type":"if","locations":[{"start":{"line":99,"column":4},"end":{"line":99,"column":4}},{"start":{"line":99,"column":4},"end":{"line":99,"column":4}}]},"14":{"line":99,"type":"binary-expr","locations":[{"start":{"line":99,"column":8},"end":{"line":99,"column":27}},{"start":{"line":99,"column":31},"end":{"line":99,"column":56}}]},"15":{"line":101,"type":"if","locations":[{"start":{"line":101,"column":8},"end":{"line":101,"column":8}},{"start":{"line":101,"column":8},"end":{"line":101,"column":8}}]},"16":{"line":106,"type":"if","locations":[{"start":{"line":106,"column":8},"end":{"line":106,"column":8}},{"start":{"line":106,"column":8},"end":{"line":106,"column":8}}]},"17":{"line":112,"type":"cond-expr","locations":[{"start":{"line":112,"column":22},"end":{"line":112,"column":27}},{"start":{"line":112,"column":30},"end":{"line":112,"column":34}}]},"18":{"line":114,"type":"if","locations":[{"start":{"line":114,"column":6},"end":{"line":114,"column":6}},{"start":{"line":114,"column":6},"end":{"line":114,"column":6}}]},"19":{"line":114,"type":"binary-expr","locations":[{"start":{"line":114,"column":10},"end":{"line":114,"column":32}},{"start":{"line":114,"column":36},"end":{"line":114,"column":58}}]},"20":{"line":115,"type":"if","locations":[{"start":{"line":115,"column":8},"end":{"line":115,"column":8}},{"start":{"line":115,"column":8},"end":{"line":115,"column":8}}]},"21":{"line":120,"type":"if","locations":[{"start":{"line":120,"column":8},"end":{"line":120,"column":8}},{"start":{"line":120,"column":8},"end":{"line":120,"column":8}}]},"22":{"line":126,"type":"if","locations":[{"start":{"line":126,"column":6},"end":{"line":126,"column":6}},{"start":{"line":126,"column":6},"end":{"line":126,"column":6}}]},"23":{"line":155,"type":"if","locations":[{"start":{"line":155,"column":10},"end":{"line":155,"column":10}},{"start":{"line":155,"column":10},"end":{"line":155,"column":10}}]},"24":{"line":156,"type":"if","locations":[{"start":{"line":156,"column":12},"end":{"line":156,"column":12}},{"start":{"line":156,"column":12},"end":{"line":156,"column":12}}]},"25":{"line":166,"type":"binary-expr","locations":[{"start":{"line":166,"column":28},"end":{"line":166,"column":42}},{"start":{"line":166,"column":46},"end":{"line":166,"column":56}}]},"26":{"line":168,"type":"if","locations":[{"start":{"line":168,"column":12},"end":{"line":168,"column":12}},{"start":{"line":168,"column":12},"end":{"line":168,"column":12}}]},"27":{"line":169,"type":"if","locations":[{"start":{"line":169,"column":14},"end":{"line":169,"column":14}},{"start":{"line":169,"column":14},"end":{"line":169,"column":14}}]},"28":{"line":172,"type":"if","locations":[{"start":{"line":172,"column":19},"end":{"line":172,"column":19}},{"start":{"line":172,"column":19},"end":{"line":172,"column":19}}]},"29":{"line":175,"type":"if","locations":[{"start":{"line":175,"column":19},"end":{"line":175,"column":19}},{"start":{"line":175,"column":19},"end":{"line":175,"column":19}}]},"30":{"line":180,"type":"if","locations":[{"start":{"line":180,"column":10},"end":{"line":180,"column":10}},{"start":{"line":180,"column":10},"end":{"line":180,"column":10}}]},"31":{"line":189,"type":"if","locations":[{"start":{"line":189,"column":8},"end":{"line":189,"column":8}},{"start":{"line":189,"column":8},"end":{"line":189,"column":8}}]},"32":{"line":191,"type":"if","locations":[{"start":{"line":191,"column":15},"end":{"line":191,"column":15}},{"start":{"line":191,"column":15},"end":{"line":191,"column":15}}]},"33":{"line":198,"type":"if","locations":[{"start":{"line":198,"column":4},"end":{"line":198,"column":4}},{"start":{"line":198,"column":4},"end":{"line":198,"column":4}}]},"34":{"line":205,"type":"if","locations":[{"start":{"line":205,"column":4},"end":{"line":205,"column":4}},{"start":{"line":205,"column":4},"end":{"line":205,"column":4}}]},"35":{"line":211,"type":"if","locations":[{"start":{"line":211,"column":4},"end":{"line":211,"column":4}},{"start":{"line":211,"column":4},"end":{"line":211,"column":4}}]},"36":{"line":213,"type":"if","locations":[{"start":{"line":213,"column":4},"end":{"line":213,"column":4}},{"start":{"line":213,"column":4},"end":{"line":213,"column":4}}]},"37":{"line":214,"type":"if","locations":[{"start":{"line":214,"column":4},"end":{"line":214,"column":4}},{"start":{"line":214,"column":4},"end":{"line":214,"column":4}}]},"38":{"line":214,"type":"binary-expr","locations":[{"start":{"line":214,"column":8},"end":{"line":214,"column":15}},{"start":{"line":214,"column":19},"end":{"line":214,"column":32}}]},"39":{"line":218,"type":"if","locations":[{"start":{"line":218,"column":4},"end":{"line":218,"column":4}},{"start":{"line":218,"column":4},"end":{"line":218,"column":4}}]},"40":{"line":219,"type":"if","locations":[{"start":{"line":219,"column":6},"end":{"line":219,"column":6}},{"start":{"line":219,"column":6},"end":{"line":219,"column":6}}]},"41":{"line":220,"type":"binary-expr","locations":[{"start":{"line":220,"column":19},"end":{"line":220,"column":28}},{"start":{"line":220,"column":32},"end":{"line":220,"column":41}}]},"42":{"line":229,"type":"if","locations":[{"start":{"line":229,"column":11},"end":{"line":229,"column":11}},{"start":{"line":229,"column":11},"end":{"line":229,"column":11}}]},"43":{"line":232,"type":"cond-expr","locations":[{"start":{"line":232,"column":50},"end":{"line":232,"column":60}},{"start":{"line":232,"column":63},"end":{"line":232,"column":74}}]},"44":{"line":234,"type":"if","locations":[{"start":{"line":234,"column":6},"end":{"line":234,"column":6}},{"start":{"line":234,"column":6},"end":{"line":234,"column":6}}]},"45":{"line":236,"type":"if","locations":[{"start":{"line":236,"column":13},"end":{"line":236,"column":13}},{"start":{"line":236,"column":13},"end":{"line":236,"column":13}}]},"46":{"line":246,"type":"if","locations":[{"start":{"line":246,"column":6},"end":{"line":246,"column":6}},{"start":{"line":246,"column":6},"end":{"line":246,"column":6}}]},"47":{"line":248,"type":"if","locations":[{"start":{"line":248,"column":13},"end":{"line":248,"column":13}},{"start":{"line":248,"column":13},"end":{"line":248,"column":13}}]},"48":{"line":250,"type":"if","locations":[{"start":{"line":250,"column":13},"end":{"line":250,"column":13}},{"start":{"line":250,"column":13},"end":{"line":250,"column":13}}]},"49":{"line":252,"type":"if","locations":[{"start":{"line":252,"column":13},"end":{"line":252,"column":13}},{"start":{"line":252,"column":13},"end":{"line":252,"column":13}}]},"50":{"line":254,"type":"if","locations":[{"start":{"line":254,"column":8},"end":{"line":254,"column":8}},{"start":{"line":254,"column":8},"end":{"line":254,"column":8}}]},"51":{"line":277,"type":"cond-expr","locations":[{"start":{"line":277,"column":25},"end":{"line":277,"column":75}},{"start":{"line":277,"column":79},"end":{"line":277,"column":88}}]},"52":{"line":277,"type":"cond-expr","locations":[{"start":{"line":277,"column":46},"end":{"line":277,"column":64}},{"start":{"line":277,"column":67},"end":{"line":277,"column":75}}]},"53":{"line":315,"type":"if","locations":[{"start":{"line":315,"column":2},"end":{"line":315,"column":2}},{"start":{"line":315,"column":2},"end":{"line":315,"column":2}}]},"54":{"line":332,"type":"if","locations":[{"start":{"line":332,"column":2},"end":{"line":332,"column":2}},{"start":{"line":332,"column":2},"end":{"line":332,"column":2}}]},"55":{"line":346,"type":"if","locations":[{"start":{"line":346,"column":2},"end":{"line":346,"column":2}},{"start":{"line":346,"column":2},"end":{"line":346,"column":2}}]},"56":{"line":348,"type":"if","locations":[{"start":{"line":348,"column":6},"end":{"line":348,"column":6}},{"start":{"line":348,"column":6},"end":{"line":348,"column":6}}]},"57":{"line":364,"type":"if","locations":[{"start":{"line":364,"column":4},"end":{"line":364,"column":4}},{"start":{"line":364,"column":4},"end":{"line":364,"column":4}}]}},"code":["var original = require('original')","var parse = require('url').parse","var events = require('events')","var https = require('https')","var http = require('http')","var util = require('util')","","var httpsOptions = [","  'pfx', 'key', 'passphrase', 'cert', 'ca', 'ciphers',","  'rejectUnauthorized', 'secureProtocol', 'servername'","]","","/**"," * Creates a new EventSource object"," *"," * @param {String} url the URL to which to connect"," * @param {Object} [eventSourceInitDict] extra init params. See README for details."," * @api public"," **/","function EventSource (url, eventSourceInitDict) {","  var readyState = EventSource.CONNECTING","  Object.defineProperty(this, 'readyState', {","    get: function () {","      return readyState","    }","  })","","  Object.defineProperty(this, 'url', {","    get: function () {","      return url","    }","  })","","  var self = this","  self.reconnectInterval = 1000","","  function onConnectionClosed () {","    if (readyState === EventSource.CLOSED) return","    readyState = EventSource.CONNECTING","    _emit('error', new Event('error'))","","    // The url may have been changed by a temporary","    // redirect. If that's the case, revert it now.","    if (reconnectUrl) {","      url = reconnectUrl","      reconnectUrl = null","    }","    setTimeout(function () {","      if (readyState !== EventSource.CONNECTING) {","        return","      }","      connect()","    }, self.reconnectInterval)","  }","","  var req","  var lastEventId = ''","  if (eventSourceInitDict && eventSourceInitDict.headers && eventSourceInitDict.headers['Last-Event-ID']) {","    lastEventId = eventSourceInitDict.headers['Last-Event-ID']","    delete eventSourceInitDict.headers['Last-Event-ID']","  }","","  var discardTrailingNewline = false","  var data = ''","  var eventName = ''","","  var reconnectUrl = null","","  function connect () {","    var options = parse(url)","    var isSecure = options.protocol === 'https:'","    options.headers = { 'Cache-Control': 'no-cache', 'Accept': 'text/event-stream' }","    if (lastEventId) options.headers['Last-Event-ID'] = lastEventId","    if (eventSourceInitDict && eventSourceInitDict.headers) {","      for (var i in eventSourceInitDict.headers) {","        var header = eventSourceInitDict.headers[i]","        if (header) {","          options.headers[i] = header","        }","      }","    }","","    // Legacy: this should be specified as `eventSourceInitDict.https.rejectUnauthorized`,","    // but for now exists as a backwards-compatibility layer","    options.rejectUnauthorized = !(eventSourceInitDict && !eventSourceInitDict.rejectUnauthorized)","","    // If specify http proxy, make the request to sent to the proxy server,","    // and include the original url in path and Host headers","    if (eventSourceInitDict && eventSourceInitDict.proxy) {","      var proxy = parse(eventSourceInitDict.proxy)","      options.path = url","      options.headers.Host = options.host","      options.hostname = proxy.hostname","      options.host = proxy.host","      options.port = proxy.port","    }","","    // If https options are specified, merge them into the request options","    if (eventSourceInitDict && eventSourceInitDict.https) {","      for (var optName in eventSourceInitDict.https) {","        if (httpsOptions.indexOf(optName) === -1) {","          continue","        }","","        var option = eventSourceInitDict.https[optName]","        if (option !== undefined) {","          options[optName] = option","        }","      }","    }","","    req = (isSecure ? https : http).request(options, function (res) {","      // Handle HTTP redirects","      if (res.statusCode === 301 || res.statusCode === 307) {","        if (!res.headers.location) {","          // Server sent redirect response without Location header.","          _emit('error', new Event('error', {status: res.statusCode}))","          return","        }","        if (res.statusCode === 307) reconnectUrl = url","        url = res.headers.location","        process.nextTick(connect)","        return","      }","","      if (res.statusCode !== 200) {","        _emit('error', new Event('error', {status: res.statusCode}))","        return self.close()","      }","","      readyState = EventSource.OPEN","      res.on('close', function () {","        res.removeAllListeners('close')","        res.removeAllListeners('end')","        onConnectionClosed()","      })","","      res.on('end', function () {","        res.removeAllListeners('close')","        res.removeAllListeners('end')","        onConnectionClosed()","      })","      _emit('open', new Event('open'))","","      // text/event-stream parser adapted from webkit's","      // Source/WebCore/page/EventSource.cpp","      var buf = ''","      res.on('data', function (chunk) {","        buf += chunk","","        var pos = 0","        var length = buf.length","","        while (pos < length) {","          if (discardTrailingNewline) {","            if (buf[pos] === '\\n') {","              ++pos","            }","            discardTrailingNewline = false","          }","","          var lineLength = -1","          var fieldLength = -1","          var c","","          for (var i = pos; lineLength < 0 && i < length; ++i) {","            c = buf[i]","            if (c === ':') {","              if (fieldLength < 0) {","                fieldLength = i - pos","              }","            } else if (c === '\\r') {","              discardTrailingNewline = true","              lineLength = i - pos","            } else if (c === '\\n') {","              lineLength = i - pos","            }","          }","","          if (lineLength < 0) {","            break","          }","","          parseEventStreamLine(buf, pos, fieldLength, lineLength)","","          pos += lineLength + 1","        }","","        if (pos === length) {","          buf = ''","        } else if (pos > 0) {","          buf = buf.slice(pos)","        }","      })","    })","","    req.on('error', onConnectionClosed)","    if (req.setNoDelay) req.setNoDelay(true)","    req.end()","  }","","  connect()","","  function _emit () {","    if (self.listeners(arguments[0]).length > 0) {","      self.emit.apply(self, arguments)","    }","  }","","  this.close = function () {","    if (readyState === EventSource.CLOSED) return","    readyState = EventSource.CLOSED","    if (req.abort) req.abort()","    if (req.xhr && req.xhr.abort) req.xhr.abort()","  }","","  function parseEventStreamLine (buf, pos, fieldLength, lineLength) {","    if (lineLength === 0) {","      if (data.length > 0) {","        var type = eventName || 'message'","        _emit(type, new MessageEvent(type, {","          data: data.slice(0, -1), // remove trailing newline","          lastEventId: lastEventId,","          origin: original(url)","        }))","        data = ''","      }","      eventName = void 0","    } else if (fieldLength > 0) {","      var noValue = fieldLength < 0","      var step = 0","      var field = buf.slice(pos, pos + (noValue ? lineLength : fieldLength))","","      if (noValue) {","        step = lineLength","      } else if (buf[pos + fieldLength + 1] !== ' ') {","        step = fieldLength + 1","      } else {","        step = fieldLength + 2","      }","      pos += step","","      var valueLength = lineLength - step","      var value = buf.slice(pos, pos + valueLength)","","      if (field === 'data') {","        data += value + '\\n'","      } else if (field === 'event') {","        eventName = value","      } else if (field === 'id') {","        lastEventId = value","      } else if (field === 'retry') {","        var retry = parseInt(value, 10)","        if (!Number.isNaN(retry)) {","          self.reconnectInterval = retry","        }","      }","    }","  }","}","","module.exports = EventSource","","util.inherits(EventSource, events.EventEmitter)","EventSource.prototype.constructor = EventSource; // make stacktraces readable","","['open', 'error', 'message'].forEach(function (method) {","  Object.defineProperty(EventSource.prototype, 'on' + method, {","    /**","     * Returns the current listener","     *","     * @return {Mixed} the set function or undefined","     * @api private","     */","    get: function get () {","      var listener = this.listeners(method)[0]","      return listener ? (listener._listener ? listener._listener : listener) : undefined","    },","","    /**","     * Start listening for events","     *","     * @param {Function} listener the listener","     * @return {Mixed} the set function or undefined","     * @api private","     */","    set: function set (listener) {","      this.removeAllListeners(method)","      this.addEventListener(method, listener)","    }","  })","})","","/**"," * Ready states"," */","Object.defineProperty(EventSource, 'CONNECTING', {enumerable: true, value: 0})","Object.defineProperty(EventSource, 'OPEN', {enumerable: true, value: 1})","Object.defineProperty(EventSource, 'CLOSED', {enumerable: true, value: 2})","","EventSource.prototype.CONNECTING = 0","EventSource.prototype.OPEN = 1","EventSource.prototype.CLOSED = 2","","/**"," * Emulates the W3C Browser based WebSocket interface using addEventListener."," *"," * @param {String} type A string representing the event type to listen out for"," * @param {Function} listener callback"," * @see https://developer.mozilla.org/en/DOM/element.addEventListener"," * @see http://dev.w3.org/html5/websockets/#the-websocket-interface"," * @api public"," */","EventSource.prototype.addEventListener = function addEventListener (type, listener) {","  if (typeof listener === 'function') {","    // store a reference so we can return the original function again","    listener._listener = listener","    this.on(type, listener)","  }","}","","/**"," * Emulates the W3C Browser based WebSocket interface using removeEventListener."," *"," * @param {String} type A string representing the event type to remove"," * @param {Function} listener callback"," * @see https://developer.mozilla.org/en/DOM/element.removeEventListener"," * @see http://dev.w3.org/html5/websockets/#the-websocket-interface"," * @api public"," */","EventSource.prototype.removeEventListener = function removeEventListener (type, listener) {","  if (typeof listener === 'function') {","    listener._listener = undefined","    this.removeListener(type, listener)","  }","}","","/**"," * W3C Event"," *"," * @see http://www.w3.org/TR/DOM-Level-3-Events/#interface-Event"," * @api private"," */","function Event (type, optionalProperties) {","  Object.defineProperty(this, 'type', { writable: false, value: type, enumerable: true })","  if (optionalProperties) {","    for (var f in optionalProperties) {","      if (optionalProperties.hasOwnProperty(f)) {","        Object.defineProperty(this, f, { writable: false, value: optionalProperties[f], enumerable: true })","      }","    }","  }","}","","/**"," * W3C MessageEvent"," *"," * @see http://www.w3.org/TR/webmessaging/#event-definitions"," * @api private"," */","function MessageEvent (type, eventInitDict) {","  Object.defineProperty(this, 'type', { writable: false, value: type, enumerable: true })","  for (var f in eventInitDict) {","    if (eventInitDict.hasOwnProperty(f)) {","      Object.defineProperty(this, f, { writable: false, value: eventInitDict[f], enumerable: true })","    }","  }","}",""],"l":{"1":1,"2":1,"3":1,"4":1,"5":1,"6":1,"8":1,"20":1,"21":0,"22":0,"24":0,"28":0,"30":0,"34":0,"35":0,"37":1,"38":0,"39":0,"40":0,"44":0,"45":0,"46":0,"48":0,"49":0,"50":0,"52":0,"56":0,"57":0,"58":0,"59":0,"60":0,"63":0,"64":0,"65":0,"67":0,"69":1,"70":0,"71":0,"72":0,"73":0,"74":0,"75":0,"76":0,"77":0,"78":0,"85":0,"89":0,"90":0,"91":0,"92":0,"93":0,"94":0,"95":0,"99":0,"100":0,"101":0,"102":0,"105":0,"106":0,"107":0,"112":0,"114":0,"115":0,"117":0,"118":0,"120":0,"121":0,"122":0,"123":0,"126":0,"127":0,"128":0,"131":0,"132":0,"133":0,"134":0,"135":0,"138":0,"139":0,"140":0,"141":0,"143":0,"147":0,"148":0,"149":0,"151":0,"152":0,"154":0,"155":0,"156":0,"157":0,"159":0,"162":0,"163":0,"164":0,"166":0,"167":0,"168":0,"169":0,"170":0,"172":0,"173":0,"174":0,"175":0,"176":0,"180":0,"181":0,"184":0,"186":0,"189":0,"190":0,"191":0,"192":0,"197":0,"198":0,"199":0,"202":0,"204":1,"205":0,"206":0,"210":0,"211":0,"212":0,"213":0,"214":0,"217":1,"218":0,"219":0,"220":0,"221":0,"226":0,"228":0,"229":0,"230":0,"231":0,"232":0,"234":0,"235":0,"236":0,"237":0,"239":0,"241":0,"243":0,"244":0,"246":0,"247":0,"248":0,"249":0,"250":0,"251":0,"252":0,"253":0,"254":0,"255":0,"262":1,"264":1,"265":1,"267":1,"268":3,"276":0,"277":0,"288":0,"289":0,"297":1,"298":1,"299":1,"301":1,"302":1,"303":1,"314":1,"315":0,"317":0,"318":0,"331":1,"332":0,"333":0,"334":0,"344":1,"345":0,"346":0,"347":0,"348":0,"349":0,"361":1,"362":0,"363":0,"364":0,"365":0}},"/home/travis/build/npmtest/node-npmtest-eventsource/node_modules/eventsource/lib/eventsource-polyfill.js":{"path":"/home/travis/build/npmtest/node-npmtest-eventsource/node_modules/eventsource/lib/eventsource-polyfill.js","s":{"1":2,"2":0},"b":{"1":[0,0]},"f":{},"fnMap":{},"statementMap":{"1":{"start":{"line":1,"column":0},"end":{"line":1,"column":53}},"2":{"start":{"line":2,"column":0},"end":{"line":2,"column":69}}},"branchMap":{"1":{"line":2,"type":"binary-expr","locations":[{"start":{"line":2,"column":21},"end":{"line":2,"column":39}},{"start":{"line":2,"column":43},"end":{"line":2,"column":69}}]}},"code":["window.EventSourcePolyfill = require('./eventsource')","window.EventSource = window.EventSource || window.EventSourcePolyfill",""],"l":{"1":2,"2":0}}}